<html>
<body>
<pre>
<h1>Vision Build Log</h1>
<h2>Tool Versions:</h2>
IDE-Version: μVision V5.17.0.0
Copyright (C) 2015 ARM Ltd and ARM Germany GmbH. All rights reserved.
License Information: 1 1, 23, LIC=47GU5-GCYQW-PCUJ8-3Y99M-X1RVA-4HPD2
 
Tool Versions:
Toolchain:       MDK-ARM Standard  Version: 5.17
Toolchain Path:  D:\SoftWare\MDK\ARM\ARMCC\Bin
C Compiler:      Armcc.exe V5.06 update 1 (build 61)
Assembler:       Armasm.exe V5.06 update 1 (build 61)
Linker/Locator:  ArmLink.exe V5.06 update 1 (build 61)
Library Manager: ArmAr.exe V5.06 update 1 (build 61)
Hex Converter:   FromElf.exe V5.06 update 1 (build 61)
CPU DLL:         SARMCM3.DLL V5.17
Dialog DLL:      DCM.DLL V1.13.4.0
Target DLL:      STLink\ST-LINKIII-KEIL_SWO.dll V2.0.18.0
Dialog DLL:      TCM.DLL V1.14.6.0
 
<h2>Project:</h2>
E:\文档\资料\123\STM32_F4_IAP\project\empty.uvprojx
Project File Date:  06/04/2021

<h2>Output:</h2>
*** Using Compiler 'V5.06 update 1 (build 61)', folder: 'D:\SoftWare\MDK\ARM\ARMCC\Bin'
Rebuild target 'Empty_Project'
assembling startup_stm32f40_41xxx.s...
compiling stm32f4xx_it.c...
compiling main.c...
..\user\main.c(15): error:  #165: too few arguments in function call
  	FLASH_EraseSector();
..\user\main.c(16): error:  #254: type name is not allowed
  	FLASH_ProgramWord(uint32_t Address, uint32_t Data);
..\user\main.c(16): error:  #165: too few arguments in function call
  	FLASH_ProgramWord(uint32_t Address, uint32_t Data);
..\user\main.c(16): error:  #18: expected a ")"
  	FLASH_ProgramWord(uint32_t Address, uint32_t Data);
..\user\main.c(17): error:  #254: type name is not allowed
  	FLASH_ProgramHalfWord(uint32_t Address, uint16_t Data);
..\user\main.c(17): error:  #165: too few arguments in function call
  	FLASH_ProgramHalfWord(uint32_t Address, uint16_t Data);
..\user\main.c(17): error:  #18: expected a ")"
  	FLASH_ProgramHalfWord(uint32_t Address, uint16_t Data);
..\user\main.c(18): error:  #254: type name is not allowed
  	FLASH_ProgramByte(uint32_t Address, uint8_t Data);
..\user\main.c(18): error:  #165: too few arguments in function call
  	FLASH_ProgramByte(uint32_t Address, uint8_t Data);
..\user\main.c(18): error:  #18: expected a ")"
  	FLASH_ProgramByte(uint32_t Address, uint8_t Data);
..\user\main.c(45): error:  #165: too few arguments in function call
  	FLASH_EraseSector();
..\user\main.c(47): error:  #254: type name is not allowed
  	FLASH_ProgramWord(uint32_t Address, uint32_t Data);
..\user\main.c(47): error:  #165: too few arguments in function call
  	FLASH_ProgramWord(uint32_t Address, uint32_t Data);
..\user\main.c(47): error:  #18: expected a ")"
  	FLASH_ProgramWord(uint32_t Address, uint32_t Data);
..\user\main.c(48): error:  #254: type name is not allowed
  	FLASH_ProgramHalfWord(uint32_t Address, uint16_t Data);
..\user\main.c(48): error:  #165: too few arguments in function call
  	FLASH_ProgramHalfWord(uint32_t Address, uint16_t Data);
..\user\main.c(48): error:  #18: expected a ")"
  	FLASH_ProgramHalfWord(uint32_t Address, uint16_t Data);
..\user\main.c(49): error:  #254: type name is not allowed
  	FLASH_ProgramByte(uint32_t Address, uint8_t Data);
..\user\main.c(49): error:  #165: too few arguments in function call
  	FLASH_ProgramByte(uint32_t Address, uint8_t Data);
..\user\main.c(49): error:  #18: expected a ")"
  	FLASH_ProgramByte(uint32_t Address, uint8_t Data);
..\user\main.c(134): warning:  #111-D: statement is unreachable
  	Goto_UserCode();
..\user\main.c: 1 warning, 20 errors
compiling stm32f4xx_cec.c...
compiling stm32f4xx_adc.c...
compiling system_stm32f4xx.c...
compiling misc.c...
compiling stm32f4xx_can.c...
compiling stm32f4xx_crc.c...
compiling stm32f4xx_dbgmcu.c...
compiling stm32f4xx_cryp_tdes.c...
compiling stm32f4xx_cryp_des.c...
compiling stm32f4xx_dac.c...
compiling stm32f4xx_cryp.c...
compiling stm32f4xx_cryp_aes.c...
compiling stm32f4xx_dfsdm.c...
compiling stm32f4xx_dsi.c...
compiling stm32f4xx_exti.c...
compiling stm32f4xx_dma.c...
compiling stm32f4xx_flash.c...
compiling stm32f4xx_dcmi.c...
compiling stm32f4xx_dma2d.c...
compiling stm32f4xx_fmpi2c.c...
compiling stm32f4xx_flash_ramfunc.c...
compiling stm32f4xx_hash_md5.c...
compiling stm32f4xx_hash_sha1.c...
compiling stm32f4xx_hash.c...
compiling stm32f4xx_gpio.c...
compiling stm32f4xx_fsmc.c...
compiling stm32f4xx_iwdg.c...
compiling stm32f4xx_lptim.c...
compiling stm32f4xx_qspi.c...
compiling stm32f4xx_pwr.c...
compiling stm32f4xx_i2c.c...
compiling stm32f4xx_ltdc.c...
compiling stm32f4xx_rcc.c...
compiling stm32f4xx_spdifrx.c...
compiling stm32f4xx_rng.c...
compiling stm32f4xx_sdio.c...
compiling stm32f4xx_syscfg.c...
compiling stm32f4xx_sai.c...
compiling stm32f4xx_spi.c...
compiling stm32f4xx_rtc.c...
compiling stm32f4xx_wwdg.c...
compiling stm32f4xx_usart.c...
compiling usart.c...
compiling spi.c...
compiling stm32f4xx_tim.c...
compiling delay.c...
compiling oled.c...
compiling GUI.c...
compiling RTC.c...
compiling led.c...
compiling RNG.c...
compiling exti.c...
compiling AT24C08.c...
compiling CODE_RUN_TIME.c...
compiling i2c.c...
compiling TEST.c...
compiling lcd1602.c...
compiling DMA.c...
compiling SystemState.c...
compiling FileOperate.c...
compiling Timer.c...
compiling ffsystem.c...
compiling sdio_sdcard.c...
compiling ffunicode.c...
compiling ff.c...
compiling diskio.c...
".\Objects\1.axf" - 20 Error(s), 1 Warning(s).

<h2>Collection of Component include folders:</h2>
  E:\文档\资料\123\STM32_F4_IAP\project\RTE
  D:\SoftWare\MDK\ARM\PACK\Keil\STM32F4xx_DFP\2.15.0\Drivers\CMSIS\Device\ST\STM32F4xx\Include

<h2>Collection of Component Files used:</h2>
Target not created.
Build Time Elapsed:  00:00:25
</pre>
</body>
</html>
