<html>
<body>
<pre>
<h1>µVision Build Log</h1>
<h2>Tool Versions:</h2>
IDE-Version: ¦ÌVision V5.31.0.0
Copyright (C) 2020 ARM Ltd and ARM Germany GmbH. All rights reserved.
License Information: 123 123123, 123123, LIC=UJWP0-B87B0-KP7ZY-IZG0F-4TU58-CI3F4
 
Tool Versions:
Toolchain:       MDK-ARM Plus  Version: 5.33.0.0
Toolchain Path:  D:\MDK 5\ARM\ARMCC\Bin
C Compiler:      Armcc.exe V5.06 update 7 (build 960)
Assembler:       Armasm.exe V5.06 update 7 (build 960)
Linker/Locator:  ArmLink.exe V5.06 update 7 (build 960)
Library Manager: ArmAr.exe V5.06 update 7 (build 960)
Hex Converter:   FromElf.exe V5.06 update 7 (build 960)
CPU DLL:         SARMCM3.DLL V5.33.0.0
Dialog DLL:      DCM.DLL V1.17.3.0
Target DLL:      STLink\ST-LINKIII-KEIL_SWO.dll V3.0.7.0
Dialog DLL:      TCM.DLL V1.48.0.0
 
<h2>Project:</h2>
F:\WorkSpace\STM32_F4_IAP\project\empty.uvprojx
Project File Date:  06/06/2021

<h2>Output:</h2>
*** Using Compiler 'V5.06 update 7 (build 960)', folder: 'D:\MDK 5\ARM\ARMCC\Bin'
Rebuild target 'Empty_Project'
assembling startup_stm32f40_41xxx.s...
compiling stm32f4xx_it.c...
compiling system_stm32f4xx.c...
compiling misc.c...
compiling main.c...
..\user\main.c(17): warning:  #223-D: function "Goto_UserCode" declared implicitly
  		Goto_UserCode(); 
..\user\main.c(44): warning:  #223-D: function "TEst" declared implicitly
  	TEst(); 
..\user\main.c(62): warning:  #111-D: statement is unreachable
  	Goto_UserCode();
..\user\main.c(62): warning:  #223-D: function "Goto_UserCode" declared implicitly
  	Goto_UserCode();
..\user\main.c: 4 warnings, 0 errors
compiling stm32f4xx_cec.c...
compiling stm32f4xx_crc.c...
compiling stm32f4xx_adc.c...
compiling stm32f4xx_can.c...
compiling stm32f4xx_cryp_des.c...
compiling stm32f4xx_cryp.c...
compiling stm32f4xx_cryp_tdes.c...
compiling stm32f4xx_cryp_aes.c...
compiling stm32f4xx_dbgmcu.c...
compiling stm32f4xx_dac.c...
compiling stm32f4xx_dcmi.c...
compiling stm32f4xx_dfsdm.c...
compiling stm32f4xx_dsi.c...
compiling stm32f4xx_dma.c...
compiling stm32f4xx_exti.c...
compiling stm32f4xx_dma2d.c...
compiling stm32f4xx_flash_ramfunc.c...
compiling stm32f4xx_fmpi2c.c...
compiling stm32f4xx_flash.c...
compiling stm32f4xx_fsmc.c...
compiling stm32f4xx_gpio.c...
compiling stm32f4xx_hash_md5.c...
compiling stm32f4xx_hash_sha1.c...
compiling stm32f4xx_hash.c...
compiling stm32f4xx_iwdg.c...
compiling stm32f4xx_lptim.c...
compiling stm32f4xx_i2c.c...
compiling stm32f4xx_ltdc.c...
compiling stm32f4xx_qspi.c...
compiling stm32f4xx_pwr.c...
compiling stm32f4xx_rng.c...
compiling stm32f4xx_rcc.c...
compiling stm32f4xx_sdio.c...
compiling stm32f4xx_sai.c...
compiling stm32f4xx_spdifrx.c...
compiling stm32f4xx_rtc.c...
compiling stm32f4xx_syscfg.c...
compiling stm32f4xx_spi.c...
compiling stm32f4xx_usart.c...
compiling stm32f4xx_tim.c...
compiling stm32f4xx_wwdg.c...
compiling spi.c...
compiling delay.c...
compiling usart.c...
compiling oled.c...
compiling led.c...
compiling RTC.c...
compiling RNG.c...
compiling GUI.c...
compiling exti.c...
compiling AT24C08.c...
compiling i2c.c...
compiling CODE_RUN_TIME.c...
compiling DMA.c...
compiling lcd1602.c...
compiling SystemState.c...
compiling sdio_sdcard.c...
compiling Timer.c...
compiling FileOperate.c...
compiling TEST.c...
compiling IAP.c...
..\drive\IAP.c(95): error:  #167: argument of type "u32 *" is incompatible with parameter of type "uint32_t"
  				FLASH_ProgramWord(CodeAddr,(u32*)buff);
..\drive\IAP.c(105): error:  #167: argument of type "u32 *" is incompatible with parameter of type "uint32_t"
  				FLASH_ProgramWord(CodeAddr,(u32*)buff);
..\drive\IAP.c(142): warning:  #111-D: statement is unreachable
      FLASH_Lock();
..\drive\IAP.c: 1 warning, 2 errors
compiling ffsystem.c...
compiling ffunicode.c...
compiling ff.c...
compiling diskio.c...
".\Objects\1.axf" - 2 Error(s), 5 Warning(s).

<h2>Software Packages used:</h2>

Package Vendor: Keil
                http://www.keil.com/pack/Keil.STM32F4xx_DFP.2.13.0.pack
                Keil.STM32F4xx_DFP.2.13.0
                STMicroelectronics STM32F4 Series Device Support, Drivers and Examples

<h2>Collection of Component include folders:</h2>
  D:\MDK 5\Keil\STM32F4xx_DFP\2.13.0\Drivers\CMSIS\Device\ST\STM32F4xx\Include

<h2>Collection of Component Files used:</h2>
Target not created.
Build Time Elapsed:  00:00:21
</pre>
</body>
</html>
